  main.cpp
C:\Users\Miljana\Desktop\Sablon\main.cpp(71,9): warning C4305: 'initializing': truncation from 'double' to 'float'
C:\Users\Miljana\Desktop\Sablon\main.cpp(71,14): warning C4305: 'initializing': truncation from 'double' to 'float'
C:\Users\Miljana\Desktop\Sablon\main.cpp(72,14): warning C4305: 'initializing': truncation from 'double' to 'float'
C:\Users\Miljana\Desktop\Sablon\main.cpp(73,9): warning C4305: 'initializing': truncation from 'double' to 'float'
C:\Users\Miljana\Desktop\Sablon\main.cpp(78,10): warning C4305: 'initializing': truncation from 'double' to 'float'
C:\Users\Miljana\Desktop\Sablon\main.cpp(78,15): warning C4305: 'initializing': truncation from 'double' to 'float'
C:\Users\Miljana\Desktop\Sablon\main.cpp(78,20): warning C4305: 'initializing': truncation from 'double' to 'float'
C:\Users\Miljana\Desktop\Sablon\main.cpp(78,25): warning C4305: 'initializing': truncation from 'double' to 'float'
C:\Users\Miljana\Desktop\Sablon\main.cpp(79,10): warning C4305: 'initializing': truncation from 'double' to 'float'
C:\Users\Miljana\Desktop\Sablon\main.cpp(79,15): warning C4305: 'initializing': truncation from 'double' to 'float'
C:\Users\Miljana\Desktop\Sablon\main.cpp(79,20): warning C4305: 'initializing': truncation from 'double' to 'float'
C:\Users\Miljana\Desktop\Sablon\main.cpp(79,25): warning C4305: 'initializing': truncation from 'double' to 'float'
C:\Users\Miljana\Desktop\Sablon\main.cpp(80,10): warning C4305: 'initializing': truncation from 'double' to 'float'
C:\Users\Miljana\Desktop\Sablon\main.cpp(80,20): warning C4305: 'initializing': truncation from 'double' to 'float'
C:\Users\Miljana\Desktop\Sablon\main.cpp(80,25): warning C4305: 'initializing': truncation from 'double' to 'float'
C:\Users\Miljana\Desktop\Sablon\main.cpp(81,10): warning C4305: 'initializing': truncation from 'double' to 'float'
C:\Users\Miljana\Desktop\Sablon\main.cpp(81,20): warning C4305: 'initializing': truncation from 'double' to 'float'
C:\Users\Miljana\Desktop\Sablon\main.cpp(81,25): warning C4305: 'initializing': truncation from 'double' to 'float'
C:\Users\Miljana\Desktop\Sablon\main.cpp(85,9): warning C4305: 'initializing': truncation from 'double' to 'float'
C:\Users\Miljana\Desktop\Sablon\main.cpp(85,14): warning C4305: 'initializing': truncation from 'double' to 'float'
C:\Users\Miljana\Desktop\Sablon\main.cpp(85,19): warning C4305: 'initializing': truncation from 'double' to 'float'
C:\Users\Miljana\Desktop\Sablon\main.cpp(85,24): warning C4305: 'initializing': truncation from 'double' to 'float'
C:\Users\Miljana\Desktop\Sablon\main.cpp(86,10): warning C4305: 'initializing': truncation from 'double' to 'float'
C:\Users\Miljana\Desktop\Sablon\main.cpp(86,15): warning C4305: 'initializing': truncation from 'double' to 'float'
C:\Users\Miljana\Desktop\Sablon\main.cpp(86,20): warning C4305: 'initializing': truncation from 'double' to 'float'
C:\Users\Miljana\Desktop\Sablon\main.cpp(86,25): warning C4305: 'initializing': truncation from 'double' to 'float'
C:\Users\Miljana\Desktop\Sablon\main.cpp(87,10): warning C4305: 'initializing': truncation from 'double' to 'float'
C:\Users\Miljana\Desktop\Sablon\main.cpp(87,16): warning C4305: 'initializing': truncation from 'double' to 'float'
C:\Users\Miljana\Desktop\Sablon\main.cpp(87,21): warning C4305: 'initializing': truncation from 'double' to 'float'
C:\Users\Miljana\Desktop\Sablon\main.cpp(87,26): warning C4305: 'initializing': truncation from 'double' to 'float'
C:\Users\Miljana\Desktop\Sablon\main.cpp(88,9): warning C4305: 'initializing': truncation from 'double' to 'float'
C:\Users\Miljana\Desktop\Sablon\main.cpp(88,15): warning C4305: 'initializing': truncation from 'double' to 'float'
C:\Users\Miljana\Desktop\Sablon\main.cpp(88,20): warning C4305: 'initializing': truncation from 'double' to 'float'
C:\Users\Miljana\Desktop\Sablon\main.cpp(88,25): warning C4305: 'initializing': truncation from 'double' to 'float'
C:\Users\Miljana\Desktop\Sablon\main.cpp(92,14): warning C4305: 'initializing': truncation from 'double' to 'float'
C:\Users\Miljana\Desktop\Sablon\main.cpp(93,9): warning C4305: 'initializing': truncation from 'double' to 'float'
C:\Users\Miljana\Desktop\Sablon\main.cpp(93,15): warning C4305: 'initializing': truncation from 'double' to 'float'
C:\Users\Miljana\Desktop\Sablon\main.cpp(95,9): warning C4305: 'initializing': truncation from 'double' to 'float'
C:\Users\Miljana\Desktop\Sablon\main.cpp(100,10): warning C4305: 'initializing': truncation from 'double' to 'float'
C:\Users\Miljana\Desktop\Sablon\main.cpp(101,10): warning C4305: 'initializing': truncation from 'double' to 'float'
C:\Users\Miljana\Desktop\Sablon\main.cpp(102,10): warning C4305: 'initializing': truncation from 'double' to 'float'
C:\Users\Miljana\Desktop\Sablon\main.cpp(102,17): warning C4305: 'initializing': truncation from 'double' to 'float'
C:\Users\Miljana\Desktop\Sablon\main.cpp(106,9): warning C4305: 'initializing': truncation from 'double' to 'float'
C:\Users\Miljana\Desktop\Sablon\main.cpp(106,14): warning C4305: 'initializing': truncation from 'double' to 'float'
C:\Users\Miljana\Desktop\Sablon\main.cpp(107,9): warning C4305: 'initializing': truncation from 'double' to 'float'
C:\Users\Miljana\Desktop\Sablon\main.cpp(107,15): warning C4305: 'initializing': truncation from 'double' to 'float'
C:\Users\Miljana\Desktop\Sablon\main.cpp(108,9): warning C4305: 'initializing': truncation from 'double' to 'float'
C:\Users\Miljana\Desktop\Sablon\main.cpp(108,15): warning C4305: 'initializing': truncation from 'double' to 'float'
C:\Users\Miljana\Desktop\Sablon\main.cpp(113,13): warning C4305: 'initializing': truncation from 'double' to 'float'
C:\Users\Miljana\Desktop\Sablon\main.cpp(121,74): warning C4244: '=': conversion from 'double' to 'float', possible loss of data
C:\Users\Miljana\Desktop\Sablon\main.cpp(122,35): warning C4244: '=': conversion from 'double' to 'float', possible loss of data
C:\Users\Miljana\Desktop\Sablon\main.cpp(128,9): warning C4305: 'initializing': truncation from 'double' to 'float'
C:\Users\Miljana\Desktop\Sablon\main.cpp(130,9): warning C4305: 'initializing': truncation from 'double' to 'float'
C:\Users\Miljana\Desktop\Sablon\main.cpp(135,14): warning C4305: 'initializing': truncation from 'double' to 'float'
C:\Users\Miljana\Desktop\Sablon\main.cpp(136,9): warning C4305: 'initializing': truncation from 'double' to 'float'
C:\Users\Miljana\Desktop\Sablon\main.cpp(136,14): warning C4305: 'initializing': truncation from 'double' to 'float'
C:\Users\Miljana\Desktop\Sablon\main.cpp(138,9): warning C4305: 'initializing': truncation from 'double' to 'float'
C:\Users\Miljana\Desktop\Sablon\main.cpp(339,25): warning C4305: 'initializing': truncation from 'double' to 'float'
C:\Users\Miljana\Desktop\Sablon\main.cpp(381,31): warning C4305: '+=': truncation from 'double' to 'float'
C:\Users\Miljana\Desktop\Sablon\main.cpp(382,36): warning C4305: '+=': truncation from 'double' to 'float'
C:\Users\Miljana\Desktop\Sablon\main.cpp(389,29): warning C4305: '=': truncation from 'double' to 'float'
C:\Users\Miljana\Desktop\Sablon\main.cpp(395,35): warning C4305: '-=': truncation from 'double' to 'float'
C:\Users\Miljana\Desktop\Sablon\main.cpp(398,40): warning C4305: '-=': truncation from 'double' to 'float'
C:\Users\Miljana\Desktop\Sablon\main.cpp(412,19): warning C4244: 'initializing': conversion from 'double' to 'float', possible loss of data
C:\Users\Miljana\Desktop\Sablon\main.cpp(413,21): warning C4244: 'initializing': conversion from 'double' to 'float', possible loss of data
C:\Users\Miljana\Desktop\Sablon\main.cpp(414,20): warning C4244: 'initializing': conversion from 'double' to 'float', possible loss of data
C:\Users\Miljana\Desktop\Sablon\main.cpp(433,93): warning C4244: 'argument': conversion from 'double' to 'GLfloat', possible loss of data
C:\Users\Miljana\Desktop\Sablon\main.cpp(433,36): warning C4244: 'argument': conversion from 'double' to 'GLfloat', possible loss of data
C:\Users\Miljana\Desktop\Sablon\main.cpp(437,94): warning C4244: 'argument': conversion from 'double' to 'GLfloat', possible loss of data
C:\Users\Miljana\Desktop\Sablon\main.cpp(437,37): warning C4244: 'argument': conversion from 'double' to 'GLfloat', possible loss of data
C:\Users\Miljana\Desktop\Sablon\main.cpp(443,35): warning C4305: 'argument': truncation from 'double' to 'GLfloat'
C:\Users\Miljana\Desktop\Sablon\main.cpp(457,40): warning C4244: 'argument': conversion from 'double' to 'GLfloat', possible loss of data
C:\Users\Miljana\Desktop\Sablon\main.cpp(458,38): warning C4244: 'argument': conversion from 'double' to 'GLfloat', possible loss of data
C:\Users\Miljana\Desktop\Sablon\main.cpp(465,31): warning C4244: 'argument': conversion from 'double' to 'GLfloat', possible loss of data
C:\Users\Miljana\Desktop\Sablon\main.cpp(471,51): warning C4305: 'argument': truncation from 'double' to 'GLfloat'
C:\Users\Miljana\Desktop\Sablon\main.cpp(471,43): warning C4244: 'argument': conversion from 'double' to 'GLfloat', possible loss of data
C:\Users\Miljana\Desktop\Sablon\main.cpp(477,51): warning C4305: 'argument': truncation from 'double' to 'GLfloat'
C:\Users\Miljana\Desktop\Sablon\main.cpp(477,43): warning C4244: 'argument': conversion from 'double' to 'GLfloat', possible loss of data
C:\Users\Miljana\Desktop\Sablon\main.cpp(483,50): warning C4305: 'argument': truncation from 'double' to 'GLfloat'
C:\Users\Miljana\Desktop\Sablon\main.cpp(483,43): warning C4244: 'argument': conversion from 'double' to 'GLfloat', possible loss of data
C:\Users\Miljana\Desktop\Sablon\main.cpp(492,56): warning C4244: 'argument': conversion from 'double' to 'GLfloat', possible loss of data
C:\Users\Miljana\Desktop\Sablon\main.cpp(501,90): warning C4244: 'argument': conversion from 'double' to 'GLfloat', possible loss of data
C:\Users\Miljana\Desktop\Sablon\main.cpp(501,36): warning C4244: 'argument': conversion from 'double' to 'GLfloat', possible loss of data
C:\Users\Miljana\Desktop\Sablon\main.cpp(505,90): warning C4244: 'argument': conversion from 'double' to 'GLfloat', possible loss of data
C:\Users\Miljana\Desktop\Sablon\main.cpp(505,36): warning C4244: 'argument': conversion from 'double' to 'GLfloat', possible loss of data
C:\Users\Miljana\Desktop\Sablon\main.cpp(511,49): warning C4244: 'argument': conversion from 'double' to 'GLfloat', possible loss of data
C:\Users\Miljana\Desktop\Sablon\main.cpp(514,49): warning C4244: 'argument': conversion from 'double' to 'GLfloat', possible loss of data
C:\Users\Miljana\Desktop\Sablon\main.cpp(514,39): warning C4305: 'argument': truncation from 'double' to 'GLfloat'
C:\Users\Miljana\Desktop\Sablon\main.cpp(519,49): warning C4244: 'argument': conversion from 'double' to 'GLfloat', possible loss of data
C:\Users\Miljana\Desktop\Sablon\main.cpp(525,98): warning C4244: 'argument': conversion from 'double' to 'GLfloat', possible loss of data
C:\Users\Miljana\Desktop\Sablon\main.cpp(525,36): warning C4244: 'argument': conversion from 'double' to 'GLfloat', possible loss of data
C:\Users\Miljana\Desktop\Sablon\main.cpp(341,11): warning C4101: 'skyColor': unreferenced local variable
  Sablon.vcxproj -> C:\Users\Miljana\Desktop\Sablon\x64\Debug\Sablon.exe
